<?xml version="1.0" encoding="UTF-8"?>
<!-- Generated by org.testng.reporters.JUnitXMLReporter -->
<testsuite ignored="3" hostname="Aseem-Laptop" failures="0" tests="4" name="Default test" time="19.339" errors="0" timestamp="2024-03-22T10:31:46 IST">
  <testcase classname="Qspider.Tests.TC_01_LoginVtigerTest" name="testLoginWithAllCombinationOfCredentials" time="6.195"/>
  <testcase classname="Qspider.Tests.TC_01_LoginVtigerTest" name="testLoginWithAllCombinationOfCredentials" time="1.311"/>
  <testcase classname="Qspider.Tests.TC_01_LoginVtigerTest" name="testLoginWithAllCombinationOfCredentials" time="1.184"/>
  <testcase classname="Qspider.Tests.TC_01_LoginVtigerTest" name="testLoginWithAllCombinationOfCredentials" time="1.481"/>
  <testcase classname="Qspider.Tests.TC_01_LoginVtigerTest" name="validateLoginPageTitle" time="0.0">
    <ignored/>
  </testcase> <!-- validateLoginPageTitle -->
  <testcase classname="Qspider.Tests.TC_01_LoginVtigerTest" name="validateLoginPageTitlLogo" time="0.0">
    <ignored/>
  </testcase> <!-- validateLoginPageTitlLogo -->
  <testcase classname="Qspider.Tests.TC_01_LoginVtigerTest" name="testLoginWithValidCredentials" time="0.0">
    <ignored/>
  </testcase> <!-- testLoginWithValidCredentials -->
</testsuite> <!-- Default test -->
