<?xml version="1.0" encoding="UTF-8"?>
<!-- Generated by org.testng.reporters.JUnitXMLReporter -->
<testsuite ignored="1" hostname="Aseem-Laptop" failures="0" tests="4" name="Default test" time="72.986" errors="0" timestamp="2024-06-14T21:12:59 IST">
  <testcase classname="Qspider.Tests.TC_02_CreateContactsTest" name="testCreateNewContacts" time="16.05"/>
  <testcase classname="Qspider.Tests.TC_02_CreateContactsTest" name="testCreateNewContacts" time="15.449"/>
  <testcase classname="Qspider.Tests.TC_02_CreateContactsTest" name="testCreateNewContacts" time="16.291"/>
  <testcase classname="Qspider.Tests.TC_02_CreateContactsTest" name="testCreateNewContacts" time="16.299"/>
  <testcase classname="Qspider.Tests.TC_02_CreateContactsTest" name="testCreateNewContactsWithLeadSource" time="0.0">
    <ignored/>
  </testcase> <!-- testCreateNewContactsWithLeadSource -->
</testsuite> <!-- Default test -->
