<?xml version="1.0" encoding="UTF-8"?>
<!-- Generated by org.testng.reporters.JUnitXMLReporter -->
<testsuite ignored="0" hostname="Aseem-Laptop" failures="0" tests="7" name="Test1" time="35.588" errors="0" timestamp="2024-06-14T12:18:55 IST">
  <testcase classname="Qspider.Tests.TC_01_LoginVtigerTest" name="testLoginWithAllCombinationOfCredentials" time="5.873"/>
  <testcase classname="Qspider.Tests.TC_01_LoginVtigerTest" name="testLoginWithAllCombinationOfCredentials" time="1.371"/>
  <testcase classname="Qspider.Tests.TC_01_LoginVtigerTest" name="testLoginWithAllCombinationOfCredentials" time="1.769"/>
  <testcase classname="Qspider.Tests.TC_01_LoginVtigerTest" name="testLoginWithAllCombinationOfCredentials" time="1.717"/>
  <testcase classname="Qspider.Tests.TC_01_LoginVtigerTest" name="validateLoginPageTitle" time="0.01"/>
  <testcase classname="Qspider.Tests.TC_01_LoginVtigerTest" name="validateLoginPageTitlLogo" time="0.039"/>
  <testcase classname="Qspider.Tests.TC_01_LoginVtigerTest" name="testLoginWithValidCredentials" time="6.181"/>
</testsuite> <!-- Test1 -->
